# JRE version: OpenJDK Runtime Environment Temurin-17.0.11+9 (17.0.11+9) (build 17.0.11+9)
# Java VM: OpenJDK 64-Bit Server VM Temurin-17.0.11+9 (17.0.11+9, mixed mode, tiered, compressed oops, compressed class ptrs, g1 gc, windows-amd64)
GC Precious Log:
 CPUs: 8 total, 8 available
 Memory: 7778M
 Large Page Support: Disabled
 NUMA Support: Disabled
 Compressed Oops: Enabled (32-bit)
 Heap Region Size: 1M
 Heap Min Capacity: 8M
 Heap Initial Capacity: 122M
 Heap Max Capacity: 1946M
 Pre-touch: Disabled
 Parallel Workers: 8
 Concurrent Workers: 2
 Concurrent Refinement Workers: 8
 Periodic GC: Disabled
Heap:
 garbage-first heap   total 411648K, used 275958K [0x0000000086600000, 0x0000000100000000)
  region size 1024K, 9 young (9216K), 9 survivors (9216K)
 Metaspace       used 105011K, committed 106240K, reserved 1179648K
  class space    used 12167K, committed 12736K, reserved 1048576K
GC Heap History (20 events):
Event: 288.584 GC heap after
{Heap after GC invocations=71 (full 0):
 garbage-first heap   total 409600K, used 209857K [0x0000000086600000, 0x0000000100000000)
  region size 1024K, 20 young (20480K), 20 survivors (20480K)
 Metaspace       used 104251K, committed 105408K, reserved 1179648K
  class space    used 12125K, committed 12672K, reserved 1048576K
}
Event: 288.591 GC heap before
{Heap before GC invocations=71 (full 0):
 garbage-first heap   total 409600K, used 210881K [0x0000000086600000, 0x0000000100000000)
  region size 1024K, 21 young (21504K), 20 survivors (20480K)
 Metaspace       used 104251K, committed 105408K, reserved 1179648K
  class space    used 12125K, committed 12672K, reserved 1048576K
}
Event: 288.606 GC heap after
{Heap after GC invocations=72 (full 0):
 garbage-first heap   total 409600K, used 210943K [0x0000000086600000, 0x0000000100000000)
  region size 1024K, 3 young (3072K), 3 survivors (3072K)
 Metaspace       used 104251K, committed 105408K, reserved 1179648K
  class space    used 12125K, committed 12672K, reserved 1048576K
}
Event: 288.950 GC heap before
{Heap before GC invocations=72 (full 0):
 garbage-first heap   total 409600K, used 332799K [0x0000000086600000, 0x0000000100000000)
  region size 1024K, 122 young (124928K), 3 survivors (3072K)
 Metaspace       used 104275K, committed 105472K, reserved 1179648K
  class space    used 12125K, committed 12672K, reserved 1048576K
}
Event: 288.966 GC heap after
{Heap after GC invocations=73 (full 0):
 garbage-first heap   total 409600K, used 230400K [0x0000000086600000, 0x0000000100000000)
  region size 1024K, 16 young (16384K), 16 survivors (16384K)
 Metaspace       used 104275K, committed 105472K, reserved 1179648K
  class space    used 12125K, committed 12672K, reserved 1048576K
}
Event: 289.068 GC heap before
{Heap before GC invocations=73 (full 0):
 garbage-first heap   total 409600K, used 334848K [0x0000000086600000, 0x0000000100000000)
  region size 1024K, 118 young (120832K), 16 survivors (16384K)
 Metaspace       used 104275K, committed 105472K, reserved 1179648K
  class space    used 12125K, committed 12672K, reserved 1048576K
}
Event: 289.087 GC heap after
{Heap after GC invocations=74 (full 0):
 garbage-first heap   total 409600K, used 244736K [0x0000000086600000, 0x0000000100000000)
  region size 1024K, 15 young (15360K), 15 survivors (15360K)
 Metaspace       used 104275K, committed 105472K, reserved 1179648K
  class space    used 12125K, committed 12672K, reserved 1048576K
}
Event: 292.539 GC heap before
{Heap before GC invocations=74 (full 0):
 garbage-first heap   total 409600K, used 318464K [0x0000000086600000, 0x0000000100000000)
  region size 1024K, 88 young (90112K), 15 survivors (15360K)
 Metaspace       used 104977K, committed 106176K, reserved 1179648K
  class space    used 12170K, committed 12736K, reserved 1048576K
}
Event: 292.559 GC heap after
{Heap after GC invocations=75 (full 0):
 garbage-first heap   total 409600K, used 260039K [0x0000000086600000, 0x0000000100000000)
  region size 1024K, 13 young (13312K), 13 survivors (13312K)
 Metaspace       used 104977K, committed 106176K, reserved 1179648K
  class space    used 12170K, committed 12736K, reserved 1048576K
}
Event: 293.705 GC heap before
{Heap before GC invocations=76 (full 0):
 garbage-first heap   total 409600K, used 394183K [0x0000000086600000, 0x0000000100000000)
  region size 1024K, 15 young (15360K), 13 survivors (13312K)
 Metaspace       used 104940K, committed 106176K, reserved 1179648K
  class space    used 12167K, committed 12736K, reserved 1048576K
}
Event: 293.714 GC heap after
{Heap after GC invocations=77 (full 0):
 garbage-first heap   total 411648K, used 233834K [0x0000000086600000, 0x0000000100000000)
  region size 1024K, 1 young (1024K), 1 survivors (1024K)
 Metaspace       used 104940K, committed 106176K, reserved 1179648K
  class space    used 12167K, committed 12736K, reserved 1048576K
}
Event: 300.550 GC heap before
{Heap before GC invocations=77 (full 0):
 garbage-first heap   total 411648K, used 375146K [0x0000000086600000, 0x0000000100000000)
  region size 1024K, 20 young (20480K), 1 survivors (1024K)
 Metaspace       used 104993K, committed 106240K, reserved 1179648K
  class space    used 12167K, committed 12736K, reserved 1048576K
}
Event: 300.555 GC heap after
{Heap after GC invocations=78 (full 0):
 garbage-first heap   total 411648K, used 227319K [0x0000000086600000, 0x0000000100000000)
  region size 1024K, 3 young (3072K), 3 survivors (3072K)
 Metaspace       used 104993K, committed 106240K, reserved 1179648K
  class space    used 12167K, committed 12736K, reserved 1048576K
}
Event: 305.686 GC heap before
{Heap before GC invocations=78 (full 0):
 garbage-first heap   total 411648K, used 325623K [0x0000000086600000, 0x0000000100000000)
  region size 1024K, 100 young (102400K), 3 survivors (3072K)
 Metaspace       used 104994K, committed 106240K, reserved 1179648K
  class space    used 12167K, committed 12736K, reserved 1048576K
}
Event: 305.693 GC heap after
{Heap after GC invocations=79 (full 0):
 garbage-first heap   total 411648K, used 238590K [0x0000000086600000, 0x0000000100000000)
  region size 1024K, 13 young (13312K), 13 survivors (13312K)
 Metaspace       used 104994K, committed 106240K, reserved 1179648K
  class space    used 12167K, committed 12736K, reserved 1048576K
}
Event: 306.858 GC heap before
{Heap before GC invocations=79 (full 0):
 garbage-first heap   total 411648K, used 330750K [0x0000000086600000, 0x0000000100000000)
  region size 1024K, 104 young (106496K), 13 survivors (13312K)
 Metaspace       used 105011K, committed 106240K, reserved 1179648K
  class space    used 12167K, committed 12736K, reserved 1048576K
}
Event: 306.879 GC heap after
{Heap after GC invocations=80 (full 0):
 garbage-first heap   total 411648K, used 254064K [0x0000000086600000, 0x0000000100000000)
  region size 1024K, 13 young (13312K), 13 survivors (13312K)
 Metaspace       used 105011K, committed 106240K, reserved 1179648K
  class space    used 12167K, committed 12736K, reserved 1048576K
}
Event: 307.050 GC heap before
{Heap before GC invocations=80 (full 0):
 garbage-first heap   total 411648K, used 333936K [0x0000000086600000, 0x0000000100000000)
  region size 1024K, 91 young (93184K), 13 survivors (13312K)
 Metaspace       used 105011K, committed 106240K, reserved 1179648K
  class space    used 12167K, committed 12736K, reserved 1048576K
}
Event: 307.063 GC heap after
{Heap after GC invocations=81 (full 0):
 garbage-first heap   total 411648K, used 267770K [0x0000000086600000, 0x0000000100000000)
  region size 1024K, 12 young (12288K), 12 survivors (12288K)
 Metaspace       used 105011K, committed 106240K, reserved 1179648K
  class space    used 12167K, committed 12736K, reserved 1048576K
}
Event: 307.202 GC heap before
{Heap before GC invocations=81 (full 0):
 garbage-first heap   total 411648K, used 339450K [0x0000000086600000, 0x0000000100000000)
  region size 1024K, 82 young (83968K), 12 survivors (12288K)
 Metaspace       used 105011K, committed 106240K, reserved 1179648K
  class space    used 12167K, committed 12736K, reserved 1048576K
}

