# JRE version: OpenJDK Runtime Environment Temurin-17.0.11+9 (17.0.11+9) (build 17.0.11+9)
# Java VM: OpenJDK 64-Bit Server VM Temurin-17.0.11+9 (17.0.11+9, mixed mode, tiered, compressed oops, compressed class ptrs, g1 gc, windows-amd64)
GC Precious Log:
 CPUs: 8 total, 8 available
 Memory: 7778M
 Large Page Support: Disabled
 NUMA Support: Disabled
 Compressed Oops: Enabled (32-bit)
 Heap Region Size: 1M
 Heap Min Capacity: 8M
 Heap Initial Capacity: 122M
 Heap Max Capacity: 1946M
 Pre-touch: Disabled
 Parallel Workers: 8
 Concurrent Workers: 2
 Concurrent Refinement Workers: 8
 Periodic GC: Disabled
Heap:
 garbage-first heap   total 348160K, used 201421K [0x0000000086600000, 0x0000000100000000)
  region size 1024K, 101 young (103424K), 2 survivors (2048K)
 Metaspace       used 76938K, committed 77888K, reserved 1179648K
  class space    used 8787K, committed 9216K, reserved 1048576K
GC Heap History (20 events):
Event: 11.109 GC heap before
{Heap before GC invocations=25 (full 0):
 garbage-first heap   total 133120K, used 108114K [0x0000000086600000, 0x0000000100000000)
  region size 1024K, 26 young (26624K), 1 survivors (1024K)
 Metaspace       used 64600K, committed 65472K, reserved 1114112K
  class space    used 7455K, committed 7872K, reserved 1048576K
}
Event: 11.114 GC heap after
{Heap after GC invocations=26 (full 0):
 garbage-first heap   total 133120K, used 83911K [0x0000000086600000, 0x0000000100000000)
  region size 1024K, 2 young (2048K), 2 survivors (2048K)
 Metaspace       used 64600K, committed 65472K, reserved 1114112K
  class space    used 7455K, committed 7872K, reserved 1048576K
}
Event: 11.237 GC heap before
{Heap before GC invocations=26 (full 0):
 garbage-first heap   total 133120K, used 86983K [0x0000000086600000, 0x0000000100000000)
  region size 1024K, 6 young (6144K), 2 survivors (2048K)
 Metaspace       used 65645K, committed 66624K, reserved 1114112K
  class space    used 7563K, committed 8000K, reserved 1048576K
}
Event: 11.240 GC heap after
{Heap after GC invocations=27 (full 0):
 garbage-first heap   total 133120K, used 84086K [0x0000000086600000, 0x0000000100000000)
  region size 1024K, 1 young (1024K), 1 survivors (1024K)
 Metaspace       used 65645K, committed 66624K, reserved 1114112K
  class space    used 7563K, committed 8000K, reserved 1048576K
}
Event: 12.604 GC heap before
{Heap before GC invocations=27 (full 0):
 garbage-first heap   total 133120K, used 112758K [0x0000000086600000, 0x0000000100000000)
  region size 1024K, 30 young (30720K), 1 survivors (1024K)
 Metaspace       used 69912K, committed 70912K, reserved 1114112K
  class space    used 8051K, committed 8512K, reserved 1048576K
}
Event: 12.610 GC heap after
{Heap after GC invocations=28 (full 0):
 garbage-first heap   total 133120K, used 86440K [0x0000000086600000, 0x0000000100000000)
  region size 1024K, 3 young (3072K), 3 survivors (3072K)
 Metaspace       used 69912K, committed 70912K, reserved 1114112K
  class space    used 8051K, committed 8512K, reserved 1048576K
}
Event: 12.879 GC heap before
{Heap before GC invocations=29 (full 0):
 garbage-first heap   total 153600K, used 113064K [0x0000000086600000, 0x0000000100000000)
  region size 1024K, 29 young (29696K), 3 survivors (3072K)
 Metaspace       used 70394K, committed 71424K, reserved 1114112K
  class space    used 8095K, committed 8576K, reserved 1048576K
}
Event: 12.884 GC heap after
{Heap after GC invocations=30 (full 0):
 garbage-first heap   total 153600K, used 89173K [0x0000000086600000, 0x0000000100000000)
  region size 1024K, 4 young (4096K), 4 survivors (4096K)
 Metaspace       used 70394K, committed 71424K, reserved 1114112K
  class space    used 8095K, committed 8576K, reserved 1048576K
}
Event: 12.899 GC heap before
{Heap before GC invocations=30 (full 0):
 garbage-first heap   total 153600K, used 92245K [0x0000000086600000, 0x0000000100000000)
  region size 1024K, 7 young (7168K), 4 survivors (4096K)
 Metaspace       used 70398K, committed 71424K, reserved 1114112K
  class space    used 8095K, committed 8576K, reserved 1048576K
}
Event: 12.906 GC heap after
{Heap after GC invocations=31 (full 0):
 garbage-first heap   total 153600K, used 90934K [0x0000000086600000, 0x0000000100000000)
  region size 1024K, 1 young (1024K), 1 survivors (1024K)
 Metaspace       used 70398K, committed 71424K, reserved 1114112K
  class space    used 8095K, committed 8576K, reserved 1048576K
}
Event: 13.226 GC heap before
{Heap before GC invocations=31 (full 0):
 garbage-first heap   total 153600K, used 126774K [0x0000000086600000, 0x0000000100000000)
  region size 1024K, 36 young (36864K), 1 survivors (1024K)
 Metaspace       used 70985K, committed 72000K, reserved 1114112K
  class space    used 8156K, committed 8640K, reserved 1048576K
}
Event: 13.235 GC heap after
{Heap after GC invocations=32 (full 0):
 garbage-first heap   total 153600K, used 100352K [0x0000000086600000, 0x0000000100000000)
  region size 1024K, 5 young (5120K), 5 survivors (5120K)
 Metaspace       used 70985K, committed 72000K, reserved 1114112K
  class space    used 8156K, committed 8640K, reserved 1048576K
}
Event: 13.529 GC heap before
{Heap before GC invocations=33 (full 0):
 garbage-first heap   total 179200K, used 126976K [0x0000000086600000, 0x0000000100000000)
  region size 1024K, 31 young (31744K), 5 survivors (5120K)
 Metaspace       used 71867K, committed 72832K, reserved 1114112K
  class space    used 8247K, committed 8704K, reserved 1048576K
}
Event: 13.536 GC heap after
{Heap after GC invocations=34 (full 0):
 garbage-first heap   total 179200K, used 102273K [0x0000000086600000, 0x0000000100000000)
  region size 1024K, 2 young (2048K), 2 survivors (2048K)
 Metaspace       used 71867K, committed 72832K, reserved 1114112K
  class space    used 8247K, committed 8704K, reserved 1048576K
}
Event: 13.838 GC heap before
{Heap before GC invocations=34 (full 0):
 garbage-first heap   total 179200K, used 137089K [0x0000000086600000, 0x0000000100000000)
  region size 1024K, 36 young (36864K), 2 survivors (2048K)
 Metaspace       used 72884K, committed 73920K, reserved 1114112K
  class space    used 8358K, committed 8832K, reserved 1048576K
}
Event: 13.844 GC heap after
{Heap after GC invocations=35 (full 0):
 garbage-first heap   total 358400K, used 103014K [0x0000000086600000, 0x0000000100000000)
  region size 1024K, 3 young (3072K), 3 survivors (3072K)
 Metaspace       used 72884K, committed 73920K, reserved 1114112K
  class space    used 8358K, committed 8832K, reserved 1048576K
}
Event: 15.520 GC heap before
{Heap before GC invocations=36 (full 0):
 garbage-first heap   total 348160K, used 221319K [0x0000000086600000, 0x0000000100000000)
  region size 1024K, 124 young (126976K), 3 survivors (3072K)
 Metaspace       used 75080K, committed 76096K, reserved 1179648K
  class space    used 8598K, committed 9088K, reserved 1048576K
}
Event: 15.528 GC heap after
{Heap after GC invocations=37 (full 0):
 garbage-first heap   total 348160K, used 100550K [0x0000000086600000, 0x0000000100000000)
  region size 1024K, 6 young (6144K), 6 survivors (6144K)
 Metaspace       used 75080K, committed 76096K, reserved 1179648K
  class space    used 8598K, committed 9088K, reserved 1048576K
}
Event: 15.581 GC heap before
{Heap before GC invocations=37 (full 0):
 garbage-first heap   total 348160K, used 110790K [0x0000000086600000, 0x0000000100000000)
  region size 1024K, 17 young (17408K), 6 survivors (6144K)
 Metaspace       used 75314K, committed 76288K, reserved 1179648K
  class space    used 8622K, committed 9088K, reserved 1048576K
}
Event: 15.586 GC heap after
{Heap after GC invocations=38 (full 0):
 garbage-first heap   total 348160K, used 101069K [0x0000000086600000, 0x0000000100000000)
  region size 1024K, 2 young (2048K), 2 survivors (2048K)
 Metaspace       used 75314K, committed 76288K, reserved 1179648K
  class space    used 8622K, committed 9088K, reserved 1048576K
}

