# JRE version: OpenJDK Runtime Environment Temurin-17.0.11+9 (17.0.11+9) (build 17.0.11+9)
# Java VM: OpenJDK 64-Bit Server VM Temurin-17.0.11+9 (17.0.11+9, mixed mode, tiered, compressed oops, compressed class ptrs, g1 gc, windows-amd64)
GC Precious Log:
 CPUs: 8 total, 8 available
 Memory: 7778M
 Large Page Support: Disabled
 NUMA Support: Disabled
 Compressed Oops: Enabled (32-bit)
 Heap Region Size: 1M
 Heap Min Capacity: 8M
 Heap Initial Capacity: 122M
 Heap Max Capacity: 1946M
 Pre-touch: Disabled
 Parallel Workers: 8
 Concurrent Workers: 2
 Concurrent Refinement Workers: 8
 Periodic GC: Disabled
Heap:
 garbage-first heap   total 309248K, used 95695K [0x0000000086600000, 0x0000000100000000)
  region size 1024K, 5 young (5120K), 4 survivors (4096K)
 Metaspace       used 80715K, committed 81728K, reserved 1179648K
  class space    used 9148K, committed 9600K, reserved 1048576K
GC Heap History (20 events):
Event: 21.912 GC heap before
{Heap before GC invocations=16 (full 0):
 garbage-first heap   total 98304K, used 48652K [0x0000000086600000, 0x0000000100000000)
  region size 1024K, 6 young (6144K), 5 survivors (5120K)
 Metaspace       used 63676K, committed 64576K, reserved 1114112K
  class space    used 7317K, committed 7744K, reserved 1048576K
}
Event: 21.924 GC heap after
{Heap after GC invocations=17 (full 0):
 garbage-first heap   total 98304K, used 45943K [0x0000000086600000, 0x0000000100000000)
  region size 1024K, 1 young (1024K), 1 survivors (1024K)
 Metaspace       used 63676K, committed 64576K, reserved 1114112K
  class space    used 7317K, committed 7744K, reserved 1048576K
}
Event: 22.008 GC heap before
{Heap before GC invocations=18 (full 0):
 garbage-first heap   total 106496K, used 72567K [0x0000000086600000, 0x0000000100000000)
  region size 1024K, 2 young (2048K), 1 survivors (1024K)
 Metaspace       used 63734K, committed 64704K, reserved 1114112K
  class space    used 7327K, committed 7744K, reserved 1048576K
}
Event: 22.012 GC heap after
{Heap after GC invocations=19 (full 0):
 garbage-first heap   total 106496K, used 45873K [0x0000000086600000, 0x0000000100000000)
  region size 1024K, 1 young (1024K), 1 survivors (1024K)
 Metaspace       used 63734K, committed 64704K, reserved 1114112K
  class space    used 7327K, committed 7744K, reserved 1048576K
}
Event: 22.019 GC heap before
{Heap before GC invocations=19 (full 0):
 garbage-first heap   total 106496K, used 47921K [0x0000000086600000, 0x0000000100000000)
  region size 1024K, 2 young (2048K), 1 survivors (1024K)
 Metaspace       used 63737K, committed 64704K, reserved 1114112K
  class space    used 7327K, committed 7744K, reserved 1048576K
}
Event: 22.021 GC heap after
{Heap after GC invocations=20 (full 0):
 garbage-first heap   total 106496K, used 45782K [0x0000000086600000, 0x0000000100000000)
  region size 1024K, 1 young (1024K), 1 survivors (1024K)
 Metaspace       used 63737K, committed 64704K, reserved 1114112K
  class space    used 7327K, committed 7744K, reserved 1048576K
}
Event: 22.026 GC heap before
{Heap before GC invocations=20 (full 0):
 garbage-first heap   total 106496K, used 47830K [0x0000000086600000, 0x0000000100000000)
  region size 1024K, 2 young (2048K), 1 survivors (1024K)
 Metaspace       used 63740K, committed 64704K, reserved 1114112K
  class space    used 7327K, committed 7744K, reserved 1048576K
}
Event: 22.034 GC heap after
{Heap after GC invocations=21 (full 0):
 garbage-first heap   total 309248K, used 45762K [0x0000000086600000, 0x0000000100000000)
  region size 1024K, 1 young (1024K), 1 survivors (1024K)
 Metaspace       used 63740K, committed 64704K, reserved 1114112K
  class space    used 7327K, committed 7744K, reserved 1048576K
}
Event: 22.314 GC heap before
{Heap before GC invocations=21 (full 0):
 garbage-first heap   total 309248K, used 142018K [0x0000000086600000, 0x0000000100000000)
  region size 1024K, 5 young (5120K), 1 survivors (1024K)
 Metaspace       used 64108K, committed 65024K, reserved 1114112K
  class space    used 7398K, committed 7808K, reserved 1048576K
}
Event: 22.319 GC heap after
{Heap after GC invocations=22 (full 0):
 garbage-first heap   total 309248K, used 46090K [0x0000000086600000, 0x0000000100000000)
  region size 1024K, 1 young (1024K), 1 survivors (1024K)
 Metaspace       used 64108K, committed 65024K, reserved 1114112K
  class space    used 7398K, committed 7808K, reserved 1048576K
}
Event: 22.528 GC heap before
{Heap before GC invocations=22 (full 0):
 garbage-first heap   total 309248K, used 139274K [0x0000000086600000, 0x0000000100000000)
  region size 1024K, 2 young (2048K), 1 survivors (1024K)
 Metaspace       used 64306K, committed 65344K, reserved 1114112K
  class space    used 7414K, committed 7936K, reserved 1048576K
}
Event: 22.532 GC heap after
{Heap after GC invocations=23 (full 0):
 garbage-first heap   total 309248K, used 46146K [0x0000000086600000, 0x0000000100000000)
  region size 1024K, 1 young (1024K), 1 survivors (1024K)
 Metaspace       used 64306K, committed 65344K, reserved 1114112K
  class space    used 7414K, committed 7936K, reserved 1048576K
}
Event: 22.760 GC heap before
{Heap before GC invocations=23 (full 0):
 garbage-first heap   total 309248K, used 143426K [0x0000000086600000, 0x0000000100000000)
  region size 1024K, 6 young (6144K), 1 survivors (1024K)
 Metaspace       used 64434K, committed 65408K, reserved 1114112K
  class space    used 7426K, committed 7936K, reserved 1048576K
}
Event: 22.764 GC heap after
{Heap after GC invocations=24 (full 0):
 garbage-first heap   total 309248K, used 50281K [0x0000000086600000, 0x0000000100000000)
  region size 1024K, 1 young (1024K), 1 survivors (1024K)
 Metaspace       used 64434K, committed 65408K, reserved 1114112K
  class space    used 7426K, committed 7936K, reserved 1048576K
}
Event: 22.985 GC heap before
{Heap before GC invocations=24 (full 0):
 garbage-first heap   total 309248K, used 145513K [0x0000000086600000, 0x0000000100000000)
  region size 1024K, 8 young (8192K), 1 survivors (1024K)
 Metaspace       used 64434K, committed 65408K, reserved 1114112K
  class space    used 7426K, committed 7936K, reserved 1048576K
}
Event: 22.989 GC heap after
{Heap after GC invocations=25 (full 0):
 garbage-first heap   total 309248K, used 59538K [0x0000000086600000, 0x0000000100000000)
  region size 1024K, 1 young (1024K), 1 survivors (1024K)
 Metaspace       used 64434K, committed 65408K, reserved 1114112K
  class space    used 7426K, committed 7936K, reserved 1048576K
}
Event: 30.188 GC heap before
{Heap before GC invocations=25 (full 0):
 garbage-first heap   total 309248K, used 296082K [0x0000000086600000, 0x0000000100000000)
  region size 1024K, 175 young (179200K), 1 survivors (1024K)
 Metaspace       used 69783K, committed 70784K, reserved 1114112K
  class space    used 7987K, committed 8448K, reserved 1048576K
}
Event: 30.196 GC heap after
{Heap after GC invocations=26 (full 0):
 garbage-first heap   total 309248K, used 86072K [0x0000000086600000, 0x0000000100000000)
  region size 1024K, 4 young (4096K), 4 survivors (4096K)
 Metaspace       used 69783K, committed 70784K, reserved 1114112K
  class space    used 7987K, committed 8448K, reserved 1048576K
}
Event: 34.679 GC heap before
{Heap before GC invocations=26 (full 0):
 garbage-first heap   total 309248K, used 258104K [0x0000000086600000, 0x0000000100000000)
  region size 1024K, 173 young (177152K), 4 survivors (4096K)
 Metaspace       used 78197K, committed 79168K, reserved 1179648K
  class space    used 8877K, committed 9344K, reserved 1048576K
}
Event: 34.692 GC heap after
{Heap after GC invocations=27 (full 0):
 garbage-first heap   total 309248K, used 98486K [0x0000000086600000, 0x0000000100000000)
  region size 1024K, 16 young (16384K), 16 survivors (16384K)
 Metaspace       used 78197K, committed 79168K, reserved 1179648K
  class space    used 8877K, committed 9344K, reserved 1048576K
}

